五月 17, 2016 3:01:59 下午 org.apache.catalina.startup.VersionLoggerListener log
信息: Server version:        Apache Tomcat/7.0.69
五月 17, 2016 3:01:59 下午 org.apache.catalina.startup.VersionLoggerListener log
信息: Server built:          Apr 11 2016 07:57:09 UTC
五月 17, 2016 3:01:59 下午 org.apache.catalina.startup.VersionLoggerListener log
信息: Server number:         7.0.69.0
五月 17, 2016 3:01:59 下午 org.apache.catalina.startup.VersionLoggerListener log
信息: OS Name:               Windows 7
五月 17, 2016 3:01:59 下午 org.apache.catalina.startup.VersionLoggerListener log
信息: OS Version:            6.1
五月 17, 2016 3:01:59 下午 org.apache.catalina.startup.VersionLoggerListener log
信息: Architecture:          amd64
五月 17, 2016 3:01:59 下午 org.apache.catalina.startup.VersionLoggerListener log
信息: Java Home:             C:\Program Files (x86)\Java\jdk1.7.0_51\jre
五月 17, 2016 3:01:59 下午 org.apache.catalina.startup.VersionLoggerListener log
信息: JVM Version:           1.7.0_51-b13
五月 17, 2016 3:01:59 下午 org.apache.catalina.startup.VersionLoggerListener log
信息: JVM Vendor:            Oracle Corporation
五月 17, 2016 3:01:59 下午 org.apache.catalina.startup.VersionLoggerListener log
信息: CATALINA_BASE:         F:\tomcat\apache-tomcat-7.0.69
五月 17, 2016 3:01:59 下午 org.apache.catalina.startup.VersionLoggerListener log
信息: CATALINA_HOME:         F:\tomcat\apache-tomcat-7.0.69
五月 17, 2016 3:01:59 下午 org.apache.catalina.startup.VersionLoggerListener log
信息: Command line argument: -Djdk.tls.ephemeralDHKeySize=2048
五月 17, 2016 3:01:59 下午 org.apache.catalina.startup.VersionLoggerListener log
信息: Command line argument: -Djava.util.logging.config.file=F:\tomcat\apache-tomcat-7.0.69\conf\logging.properties
五月 17, 2016 3:01:59 下午 org.apache.catalina.startup.VersionLoggerListener log
信息: Command line argument: -Djava.util.logging.manager=org.apache.juli.ClassLoaderLogManager
五月 17, 2016 3:01:59 下午 org.apache.catalina.startup.VersionLoggerListener log
信息: Command line argument: -Djava.endorsed.dirs=F:\tomcat\apache-tomcat-7.0.69\endorsed
五月 17, 2016 3:01:59 下午 org.apache.catalina.startup.VersionLoggerListener log
信息: Command line argument: -Dcatalina.base=F:\tomcat\apache-tomcat-7.0.69
五月 17, 2016 3:01:59 下午 org.apache.catalina.startup.VersionLoggerListener log
信息: Command line argument: -Dcatalina.home=F:\tomcat\apache-tomcat-7.0.69
五月 17, 2016 3:01:59 下午 org.apache.catalina.startup.VersionLoggerListener log
信息: Command line argument: -Djava.io.tmpdir=F:\tomcat\apache-tomcat-7.0.69\temp
五月 17, 2016 3:01:59 下午 org.apache.catalina.core.AprLifecycleListener lifecycleEvent
信息: The APR based Apache Tomcat Native library which allows optimal performance in production environments was not found on the java.library.path: C:\Program Files (x86)\Java\jdk1.7.0_51\bin;C:\Windows\Sun\Java\bin;C:\Windows\system32;C:\Windows;C:\Windows\system32;C:\Windows;C:\Windows\System32\Wbem;C:\Windows\System32\WindowsPowerShell\v1.0\;C:\Program Files (x86)\Java\jdk1.7.0_51\bin;C:\Program Files (x86)\Java\jdk1.7.0_51\jre\bin;C:\Python27;C:\Program Files\nodejs\;C:\Users\Administrator\AppData\Roaming\npm;.
五月 17, 2016 3:01:59 下午 org.apache.coyote.AbstractProtocol init
信息: Initializing ProtocolHandler ["http-bio-8080"]
五月 17, 2016 3:01:59 下午 org.apache.coyote.AbstractProtocol init
信息: Initializing ProtocolHandler ["ajp-bio-8009"]
五月 17, 2016 3:01:59 下午 org.apache.catalina.startup.Catalina load
信息: Initialization processed in 1417 ms
五月 17, 2016 3:01:59 下午 org.apache.catalina.core.StandardService startInternal
信息: Starting service Catalina
五月 17, 2016 3:01:59 下午 org.apache.catalina.core.StandardEngine startInternal
信息: Starting Servlet Engine: Apache Tomcat/7.0.69
五月 17, 2016 3:01:59 下午 org.apache.catalina.startup.HostConfig deployDirectory
信息: Deploying web application directory F:\tomcat\apache-tomcat-7.0.69\webapps\docs
五月 17, 2016 3:02:00 下午 org.apache.catalina.startup.HostConfig deployDirectory
信息: Deployment of web application directory F:\tomcat\apache-tomcat-7.0.69\webapps\docs has finished in 726 ms
五月 17, 2016 3:02:00 下午 org.apache.catalina.startup.HostConfig deployDirectory
信息: Deploying web application directory F:\tomcat\apache-tomcat-7.0.69\webapps\examples
五月 17, 2016 3:02:00 下午 org.apache.catalina.startup.HostConfig deployDirectory
信息: Deployment of web application directory F:\tomcat\apache-tomcat-7.0.69\webapps\examples has finished in 540 ms
五月 17, 2016 3:02:00 下午 org.apache.catalina.startup.HostConfig deployDirectory
信息: Deploying web application directory F:\tomcat\apache-tomcat-7.0.69\webapps\host-manager
五月 17, 2016 3:02:01 下午 org.apache.catalina.startup.HostConfig deployDirectory
信息: Deployment of web application directory F:\tomcat\apache-tomcat-7.0.69\webapps\host-manager has finished in 57 ms
五月 17, 2016 3:02:01 下午 org.apache.catalina.startup.HostConfig deployDirectory
信息: Deploying web application directory F:\tomcat\apache-tomcat-7.0.69\webapps\manager
五月 17, 2016 3:02:01 下午 org.apache.catalina.startup.HostConfig deployDirectory
信息: Deployment of web application directory F:\tomcat\apache-tomcat-7.0.69\webapps\manager has finished in 82 ms
五月 17, 2016 3:02:01 下午 org.apache.catalina.startup.HostConfig deployDirectory
信息: Deploying web application directory F:\tomcat\apache-tomcat-7.0.69\webapps\ROOT
五月 17, 2016 3:02:01 下午 org.apache.catalina.startup.HostConfig deployDirectory
信息: Deployment of web application directory F:\tomcat\apache-tomcat-7.0.69\webapps\ROOT has finished in 64 ms
五月 17, 2016 3:02:01 下午 org.apache.coyote.AbstractProtocol start
信息: Starting ProtocolHandler ["http-bio-8080"]
五月 17, 2016 3:02:01 下午 org.apache.coyote.AbstractProtocol start
信息: Starting ProtocolHandler ["ajp-bio-8009"]
五月 17, 2016 3:02:01 下午 org.apache.catalina.startup.Catalina start
信息: Server startup in 1604 ms
五月 17, 2016 3:09:51 下午 org.apache.catalina.startup.HostConfig deployDirectory
信息: Deploying web application directory F:\tomcat\apache-tomcat-7.0.69\webapps\test5
五月 17, 2016 3:09:51 下午 org.apache.catalina.startup.HostConfig deployDirectory
信息: Deployment of web application directory F:\tomcat\apache-tomcat-7.0.69\webapps\test5 has finished in 156 ms
五月 17, 2016 3:09:55 下午 org.apache.catalina.core.StandardServer await
信息: A valid shutdown command was received via the shutdown port. Stopping the Server instance.
五月 17, 2016 3:09:55 下午 org.apache.coyote.AbstractProtocol pause
信息: Pausing ProtocolHandler ["http-bio-8080"]
五月 17, 2016 3:09:55 下午 org.apache.coyote.AbstractProtocol pause
信息: Pausing ProtocolHandler ["ajp-bio-8009"]
五月 17, 2016 3:09:55 下午 org.apache.catalina.core.StandardService stopInternal
信息: Stopping service Catalina
五月 17, 2016 3:09:55 下午 org.apache.coyote.AbstractProtocol stop
信息: Stopping ProtocolHandler ["http-bio-8080"]
五月 17, 2016 3:09:55 下午 org.apache.coyote.AbstractProtocol stop
信息: Stopping ProtocolHandler ["ajp-bio-8009"]
五月 17, 2016 3:09:55 下午 org.apache.coyote.AbstractProtocol destroy
信息: Destroying ProtocolHandler ["http-bio-8080"]
五月 17, 2016 3:09:55 下午 org.apache.coyote.AbstractProtocol destroy
信息: Destroying ProtocolHandler ["ajp-bio-8009"]
五月 17, 2016 3:10:05 下午 org.apache.catalina.startup.VersionLoggerListener log
信息: Server version:        Apache Tomcat/7.0.69
五月 17, 2016 3:10:05 下午 org.apache.catalina.startup.VersionLoggerListener log
信息: Server built:          Apr 11 2016 07:57:09 UTC
五月 17, 2016 3:10:05 下午 org.apache.catalina.startup.VersionLoggerListener log
信息: Server number:         7.0.69.0
五月 17, 2016 3:10:05 下午 org.apache.catalina.startup.VersionLoggerListener log
信息: OS Name:               Windows 7
五月 17, 2016 3:10:05 下午 org.apache.catalina.startup.VersionLoggerListener log
信息: OS Version:            6.1
五月 17, 2016 3:10:05 下午 org.apache.catalina.startup.VersionLoggerListener log
信息: Architecture:          amd64
五月 17, 2016 3:10:05 下午 org.apache.catalina.startup.VersionLoggerListener log
信息: Java Home:             C:\Program Files (x86)\Java\jdk1.7.0_51\jre
五月 17, 2016 3:10:05 下午 org.apache.catalina.startup.VersionLoggerListener log
信息: JVM Version:           1.7.0_51-b13
五月 17, 2016 3:10:05 下午 org.apache.catalina.startup.VersionLoggerListener log
信息: JVM Vendor:            Oracle Corporation
五月 17, 2016 3:10:05 下午 org.apache.catalina.startup.VersionLoggerListener log
信息: CATALINA_BASE:         F:\tomcat\apache-tomcat-7.0.69
五月 17, 2016 3:10:05 下午 org.apache.catalina.startup.VersionLoggerListener log
信息: CATALINA_HOME:         F:\tomcat\apache-tomcat-7.0.69
五月 17, 2016 3:10:05 下午 org.apache.catalina.startup.VersionLoggerListener log
信息: Command line argument: -Djdk.tls.ephemeralDHKeySize=2048
五月 17, 2016 3:10:05 下午 org.apache.catalina.startup.VersionLoggerListener log
信息: Command line argument: -Djava.util.logging.config.file=F:\tomcat\apache-tomcat-7.0.69\conf\logging.properties
五月 17, 2016 3:10:05 下午 org.apache.catalina.startup.VersionLoggerListener log
信息: Command line argument: -Djava.util.logging.manager=org.apache.juli.ClassLoaderLogManager
五月 17, 2016 3:10:05 下午 org.apache.catalina.startup.VersionLoggerListener log
信息: Command line argument: -Djava.endorsed.dirs=F:\tomcat\apache-tomcat-7.0.69\endorsed
五月 17, 2016 3:10:05 下午 org.apache.catalina.startup.VersionLoggerListener log
信息: Command line argument: -Dcatalina.base=F:\tomcat\apache-tomcat-7.0.69
五月 17, 2016 3:10:05 下午 org.apache.catalina.startup.VersionLoggerListener log
信息: Command line argument: -Dcatalina.home=F:\tomcat\apache-tomcat-7.0.69
五月 17, 2016 3:10:05 下午 org.apache.catalina.startup.VersionLoggerListener log
信息: Command line argument: -Djava.io.tmpdir=F:\tomcat\apache-tomcat-7.0.69\temp
五月 17, 2016 3:10:05 下午 org.apache.catalina.core.AprLifecycleListener lifecycleEvent
信息: The APR based Apache Tomcat Native library which allows optimal performance in production environments was not found on the java.library.path: C:\Program Files (x86)\Java\jdk1.7.0_51\bin;C:\Windows\Sun\Java\bin;C:\Windows\system32;C:\Windows;C:\Windows\system32;C:\Windows;C:\Windows\System32\Wbem;C:\Windows\System32\WindowsPowerShell\v1.0\;C:\Program Files (x86)\Java\jdk1.7.0_51\bin;C:\Program Files (x86)\Java\jdk1.7.0_51\jre\bin;C:\Python27;C:\Program Files\nodejs\;C:\Users\Administrator\AppData\Roaming\npm;.
五月 17, 2016 3:10:06 下午 org.apache.coyote.AbstractProtocol init
信息: Initializing ProtocolHandler ["http-bio-8080"]
五月 17, 2016 3:10:06 下午 org.apache.coyote.AbstractProtocol init
信息: Initializing ProtocolHandler ["ajp-bio-8009"]
五月 17, 2016 3:10:06 下午 org.apache.catalina.startup.Catalina load
信息: Initialization processed in 752 ms
五月 17, 2016 3:10:06 下午 org.apache.catalina.core.StandardService startInternal
信息: Starting service Catalina
五月 17, 2016 3:10:06 下午 org.apache.catalina.core.StandardEngine startInternal
信息: Starting Servlet Engine: Apache Tomcat/7.0.69
五月 17, 2016 3:10:06 下午 org.apache.catalina.startup.HostConfig deployDirectory
信息: Deploying web application directory F:\tomcat\apache-tomcat-7.0.69\webapps\docs
五月 17, 2016 3:10:06 下午 org.apache.catalina.startup.HostConfig deployDirectory
信息: Deployment of web application directory F:\tomcat\apache-tomcat-7.0.69\webapps\docs has finished in 484 ms
五月 17, 2016 3:10:06 下午 org.apache.catalina.startup.HostConfig deployDirectory
信息: Deploying web application directory F:\tomcat\apache-tomcat-7.0.69\webapps\examples
五月 17, 2016 3:10:06 下午 org.apache.catalina.startup.HostConfig deployDirectory
信息: Deployment of web application directory F:\tomcat\apache-tomcat-7.0.69\webapps\examples has finished in 359 ms
五月 17, 2016 3:10:06 下午 org.apache.catalina.startup.HostConfig deployDirectory
信息: Deploying web application directory F:\tomcat\apache-tomcat-7.0.69\webapps\host-manager
五月 17, 2016 3:10:06 下午 org.apache.catalina.startup.HostConfig deployDirectory
信息: Deployment of web application directory F:\tomcat\apache-tomcat-7.0.69\webapps\host-manager has finished in 93 ms
五月 17, 2016 3:10:06 下午 org.apache.catalina.startup.HostConfig deployDirectory
信息: Deploying web application directory F:\tomcat\apache-tomcat-7.0.69\webapps\manager
五月 17, 2016 3:10:07 下午 org.apache.catalina.startup.HostConfig deployDirectory
信息: Deployment of web application directory F:\tomcat\apache-tomcat-7.0.69\webapps\manager has finished in 47 ms
五月 17, 2016 3:10:07 下午 org.apache.catalina.startup.HostConfig deployDirectory
信息: Deploying web application directory F:\tomcat\apache-tomcat-7.0.69\webapps\ROOT
五月 17, 2016 3:10:07 下午 org.apache.catalina.startup.HostConfig deployDirectory
信息: Deployment of web application directory F:\tomcat\apache-tomcat-7.0.69\webapps\ROOT has finished in 31 ms
五月 17, 2016 3:10:07 下午 org.apache.catalina.startup.HostConfig deployDirectory
信息: Deploying web application directory F:\tomcat\apache-tomcat-7.0.69\webapps\test5
五月 17, 2016 3:10:07 下午 org.apache.catalina.startup.HostConfig deployDirectory
信息: Deployment of web application directory F:\tomcat\apache-tomcat-7.0.69\webapps\test5 has finished in 62 ms
五月 17, 2016 3:10:07 下午 org.apache.coyote.AbstractProtocol start
信息: Starting ProtocolHandler ["http-bio-8080"]
五月 17, 2016 3:10:07 下午 org.apache.coyote.AbstractProtocol start
信息: Starting ProtocolHandler ["ajp-bio-8009"]
五月 17, 2016 3:10:07 下午 org.apache.catalina.startup.Catalina start
信息: Server startup in 1168 ms
五月 17, 2016 3:13:03 下午 org.apache.catalina.core.StandardServer await
信息: A valid shutdown command was received via the shutdown port. Stopping the Server instance.
五月 17, 2016 3:13:03 下午 org.apache.coyote.AbstractProtocol pause
信息: Pausing ProtocolHandler ["http-bio-8080"]
五月 17, 2016 3:13:03 下午 org.apache.coyote.AbstractProtocol pause
信息: Pausing ProtocolHandler ["ajp-bio-8009"]
五月 17, 2016 3:13:03 下午 org.apache.catalina.core.StandardService stopInternal
信息: Stopping service Catalina
五月 17, 2016 3:13:03 下午 org.apache.coyote.AbstractProtocol stop
信息: Stopping ProtocolHandler ["http-bio-8080"]
五月 17, 2016 3:13:03 下午 org.apache.coyote.AbstractProtocol stop
信息: Stopping ProtocolHandler ["ajp-bio-8009"]
五月 17, 2016 3:13:03 下午 org.apache.coyote.AbstractProtocol destroy
信息: Destroying ProtocolHandler ["http-bio-8080"]
五月 17, 2016 3:13:03 下午 org.apache.coyote.AbstractProtocol destroy
信息: Destroying ProtocolHandler ["ajp-bio-8009"]
五月 17, 2016 3:13:07 下午 org.apache.catalina.startup.VersionLoggerListener log
信息: Server version:        Apache Tomcat/7.0.69
五月 17, 2016 3:13:07 下午 org.apache.catalina.startup.VersionLoggerListener log
信息: Server built:          Apr 11 2016 07:57:09 UTC
五月 17, 2016 3:13:07 下午 org.apache.catalina.startup.VersionLoggerListener log
信息: Server number:         7.0.69.0
五月 17, 2016 3:13:07 下午 org.apache.catalina.startup.VersionLoggerListener log
信息: OS Name:               Windows 7
五月 17, 2016 3:13:07 下午 org.apache.catalina.startup.VersionLoggerListener log
信息: OS Version:            6.1
五月 17, 2016 3:13:07 下午 org.apache.catalina.startup.VersionLoggerListener log
信息: Architecture:          amd64
五月 17, 2016 3:13:07 下午 org.apache.catalina.startup.VersionLoggerListener log
信息: Java Home:             C:\Program Files (x86)\Java\jdk1.7.0_51\jre
五月 17, 2016 3:13:07 下午 org.apache.catalina.startup.VersionLoggerListener log
信息: JVM Version:           1.7.0_51-b13
五月 17, 2016 3:13:07 下午 org.apache.catalina.startup.VersionLoggerListener log
信息: JVM Vendor:            Oracle Corporation
五月 17, 2016 3:13:07 下午 org.apache.catalina.startup.VersionLoggerListener log
信息: CATALINA_BASE:         F:\tomcat\apache-tomcat-7.0.69
五月 17, 2016 3:13:07 下午 org.apache.catalina.startup.VersionLoggerListener log
信息: CATALINA_HOME:         F:\tomcat\apache-tomcat-7.0.69
五月 17, 2016 3:13:07 下午 org.apache.catalina.startup.VersionLoggerListener log
信息: Command line argument: -Djdk.tls.ephemeralDHKeySize=2048
五月 17, 2016 3:13:07 下午 org.apache.catalina.startup.VersionLoggerListener log
信息: Command line argument: -Djava.util.logging.config.file=F:\tomcat\apache-tomcat-7.0.69\conf\logging.properties
五月 17, 2016 3:13:07 下午 org.apache.catalina.startup.VersionLoggerListener log
信息: Command line argument: -Djava.util.logging.manager=org.apache.juli.ClassLoaderLogManager
五月 17, 2016 3:13:07 下午 org.apache.catalina.startup.VersionLoggerListener log
信息: Command line argument: -Djava.endorsed.dirs=F:\tomcat\apache-tomcat-7.0.69\endorsed
五月 17, 2016 3:13:07 下午 org.apache.catalina.startup.VersionLoggerListener log
信息: Command line argument: -Dcatalina.base=F:\tomcat\apache-tomcat-7.0.69
五月 17, 2016 3:13:07 下午 org.apache.catalina.startup.VersionLoggerListener log
信息: Command line argument: -Dcatalina.home=F:\tomcat\apache-tomcat-7.0.69
五月 17, 2016 3:13:07 下午 org.apache.catalina.startup.VersionLoggerListener log
信息: Command line argument: -Djava.io.tmpdir=F:\tomcat\apache-tomcat-7.0.69\temp
五月 17, 2016 3:13:07 下午 org.apache.catalina.core.AprLifecycleListener lifecycleEvent
信息: The APR based Apache Tomcat Native library which allows optimal performance in production environments was not found on the java.library.path: C:\Program Files (x86)\Java\jdk1.7.0_51\bin;C:\Windows\Sun\Java\bin;C:\Windows\system32;C:\Windows;C:\Windows\system32;C:\Windows;C:\Windows\System32\Wbem;C:\Windows\System32\WindowsPowerShell\v1.0\;C:\Program Files (x86)\Java\jdk1.7.0_51\bin;C:\Program Files (x86)\Java\jdk1.7.0_51\jre\bin;C:\Python27;C:\Program Files\nodejs\;C:\Users\Administrator\AppData\Roaming\npm;.
五月 17, 2016 3:13:08 下午 org.apache.coyote.AbstractProtocol init
信息: Initializing ProtocolHandler ["http-bio-8080"]
五月 17, 2016 3:13:08 下午 org.apache.coyote.AbstractProtocol init
信息: Initializing ProtocolHandler ["ajp-bio-8009"]
五月 17, 2016 3:13:08 下午 org.apache.catalina.startup.Catalina load
信息: Initialization processed in 732 ms
五月 17, 2016 3:13:08 下午 org.apache.catalina.core.StandardService startInternal
信息: Starting service Catalina
五月 17, 2016 3:13:08 下午 org.apache.catalina.core.StandardEngine startInternal
信息: Starting Servlet Engine: Apache Tomcat/7.0.69
五月 17, 2016 3:13:08 下午 org.apache.catalina.startup.HostConfig deployDirectory
信息: Deploying web application directory F:\tomcat\apache-tomcat-7.0.69\webapps\docs
五月 17, 2016 3:13:08 下午 org.apache.catalina.startup.HostConfig deployDirectory
信息: Deployment of web application directory F:\tomcat\apache-tomcat-7.0.69\webapps\docs has finished in 484 ms
五月 17, 2016 3:13:08 下午 org.apache.catalina.startup.HostConfig deployDirectory
信息: Deploying web application directory F:\tomcat\apache-tomcat-7.0.69\webapps\examples
五月 17, 2016 3:13:09 下午 org.apache.catalina.startup.HostConfig deployDirectory
信息: Deployment of web application directory F:\tomcat\apache-tomcat-7.0.69\webapps\examples has finished in 421 ms
五月 17, 2016 3:13:09 下午 org.apache.catalina.startup.HostConfig deployDirectory
信息: Deploying web application directory F:\tomcat\apache-tomcat-7.0.69\webapps\host-manager
五月 17, 2016 3:13:09 下午 org.apache.catalina.startup.HostConfig deployDirectory
信息: Deployment of web application directory F:\tomcat\apache-tomcat-7.0.69\webapps\host-manager has finished in 62 ms
五月 17, 2016 3:13:09 下午 org.apache.catalina.startup.HostConfig deployDirectory
信息: Deploying web application directory F:\tomcat\apache-tomcat-7.0.69\webapps\manager
五月 17, 2016 3:13:09 下午 org.apache.catalina.startup.HostConfig deployDirectory
信息: Deployment of web application directory F:\tomcat\apache-tomcat-7.0.69\webapps\manager has finished in 47 ms
五月 17, 2016 3:13:09 下午 org.apache.catalina.startup.HostConfig deployDirectory
信息: Deploying web application directory F:\tomcat\apache-tomcat-7.0.69\webapps\ROOT
五月 17, 2016 3:13:09 下午 org.apache.catalina.startup.HostConfig deployDirectory
信息: Deployment of web application directory F:\tomcat\apache-tomcat-7.0.69\webapps\ROOT has finished in 47 ms
五月 17, 2016 3:13:09 下午 org.apache.catalina.startup.HostConfig deployDirectory
信息: Deploying web application directory F:\tomcat\apache-tomcat-7.0.69\webapps\test5
五月 17, 2016 3:13:09 下午 org.apache.catalina.startup.HostConfig deployDirectory
信息: Deployment of web application directory F:\tomcat\apache-tomcat-7.0.69\webapps\test5 has finished in 47 ms
五月 17, 2016 3:13:09 下午 org.apache.coyote.AbstractProtocol start
信息: Starting ProtocolHandler ["http-bio-8080"]
五月 17, 2016 3:13:09 下午 org.apache.coyote.AbstractProtocol start
信息: Starting ProtocolHandler ["ajp-bio-8009"]
五月 17, 2016 3:13:09 下午 org.apache.catalina.startup.Catalina start
信息: Server startup in 1197 ms
五月 17, 2016 3:14:16 下午 org.apache.catalina.core.StandardServer await
信息: A valid shutdown command was received via the shutdown port. Stopping the Server instance.
五月 17, 2016 3:14:16 下午 org.apache.coyote.AbstractProtocol pause
信息: Pausing ProtocolHandler ["http-bio-8080"]
五月 17, 2016 3:14:16 下午 org.apache.coyote.AbstractProtocol pause
信息: Pausing ProtocolHandler ["ajp-bio-8009"]
五月 17, 2016 3:14:17 下午 org.apache.catalina.core.StandardService stopInternal
信息: Stopping service Catalina
五月 17, 2016 3:14:17 下午 org.apache.coyote.AbstractProtocol stop
信息: Stopping ProtocolHandler ["http-bio-8080"]
五月 17, 2016 3:14:17 下午 org.apache.coyote.AbstractProtocol stop
信息: Stopping ProtocolHandler ["ajp-bio-8009"]
五月 17, 2016 3:14:17 下午 org.apache.coyote.AbstractProtocol destroy
信息: Destroying ProtocolHandler ["http-bio-8080"]
五月 17, 2016 3:14:17 下午 org.apache.coyote.AbstractProtocol destroy
信息: Destroying ProtocolHandler ["ajp-bio-8009"]
五月 17, 2016 3:17:56 下午 org.apache.catalina.startup.VersionLoggerListener log
信息: Server version:        Apache Tomcat/7.0.69
五月 17, 2016 3:17:56 下午 org.apache.catalina.startup.VersionLoggerListener log
信息: Server built:          Apr 11 2016 07:57:09 UTC
五月 17, 2016 3:17:56 下午 org.apache.catalina.startup.VersionLoggerListener log
信息: Server number:         7.0.69.0
五月 17, 2016 3:17:56 下午 org.apache.catalina.startup.VersionLoggerListener log
信息: OS Name:               Windows 7
五月 17, 2016 3:17:56 下午 org.apache.catalina.startup.VersionLoggerListener log
信息: OS Version:            6.1
五月 17, 2016 3:17:56 下午 org.apache.catalina.startup.VersionLoggerListener log
信息: Architecture:          amd64
五月 17, 2016 3:17:56 下午 org.apache.catalina.startup.VersionLoggerListener log
信息: Java Home:             C:\Program Files (x86)\Java\jdk1.7.0_51\jre
五月 17, 2016 3:17:56 下午 org.apache.catalina.startup.VersionLoggerListener log
信息: JVM Version:           1.7.0_51-b13
五月 17, 2016 3:17:56 下午 org.apache.catalina.startup.VersionLoggerListener log
信息: JVM Vendor:            Oracle Corporation
五月 17, 2016 3:17:56 下午 org.apache.catalina.startup.VersionLoggerListener log
信息: CATALINA_BASE:         F:\tomcat\apache-tomcat-7.0.69
五月 17, 2016 3:17:56 下午 org.apache.catalina.startup.VersionLoggerListener log
信息: CATALINA_HOME:         F:\tomcat\apache-tomcat-7.0.69
五月 17, 2016 3:17:56 下午 org.apache.catalina.startup.VersionLoggerListener log
信息: Command line argument: -Djdk.tls.ephemeralDHKeySize=2048
五月 17, 2016 3:17:56 下午 org.apache.catalina.startup.VersionLoggerListener log
信息: Command line argument: -Djava.util.logging.config.file=F:\tomcat\apache-tomcat-7.0.69\conf\logging.properties
五月 17, 2016 3:17:56 下午 org.apache.catalina.startup.VersionLoggerListener log
信息: Command line argument: -Djava.util.logging.manager=org.apache.juli.ClassLoaderLogManager
五月 17, 2016 3:17:56 下午 org.apache.catalina.startup.VersionLoggerListener log
信息: Command line argument: -Djava.endorsed.dirs=F:\tomcat\apache-tomcat-7.0.69\endorsed
五月 17, 2016 3:17:56 下午 org.apache.catalina.startup.VersionLoggerListener log
信息: Command line argument: -Dcatalina.base=F:\tomcat\apache-tomcat-7.0.69
五月 17, 2016 3:17:56 下午 org.apache.catalina.startup.VersionLoggerListener log
信息: Command line argument: -Dcatalina.home=F:\tomcat\apache-tomcat-7.0.69
五月 17, 2016 3:17:56 下午 org.apache.catalina.startup.VersionLoggerListener log
信息: Command line argument: -Djava.io.tmpdir=F:\tomcat\apache-tomcat-7.0.69\temp
五月 17, 2016 3:17:56 下午 org.apache.catalina.core.AprLifecycleListener lifecycleEvent
信息: The APR based Apache Tomcat Native library which allows optimal performance in production environments was not found on the java.library.path: C:\Program Files (x86)\Java\jdk1.7.0_51\bin;C:\Windows\Sun\Java\bin;C:\Windows\system32;C:\Windows;C:\Windows\system32;C:\Windows;C:\Windows\System32\Wbem;C:\Windows\System32\WindowsPowerShell\v1.0\;C:\Program Files (x86)\Java\jdk1.7.0_51\bin;C:\Program Files (x86)\Java\jdk1.7.0_51\jre\bin;C:\Python27;C:\Program Files\nodejs\;C:\Users\Administrator\AppData\Roaming\npm;.
五月 17, 2016 3:17:56 下午 org.apache.coyote.AbstractProtocol init
信息: Initializing ProtocolHandler ["http-bio-8080"]
五月 17, 2016 3:17:56 下午 org.apache.coyote.AbstractProtocol init
信息: Initializing ProtocolHandler ["ajp-bio-8009"]
五月 17, 2016 3:17:56 下午 org.apache.catalina.startup.Catalina load
信息: Initialization processed in 761 ms
五月 17, 2016 3:17:56 下午 org.apache.catalina.core.StandardService startInternal
信息: Starting service Catalina
五月 17, 2016 3:17:56 下午 org.apache.catalina.core.StandardEngine startInternal
信息: Starting Servlet Engine: Apache Tomcat/7.0.69
五月 17, 2016 3:17:56 下午 org.apache.catalina.startup.HostConfig deployDirectory
信息: Deploying web application directory F:\tomcat\apache-tomcat-7.0.69\webapps\docs
五月 17, 2016 3:17:57 下午 org.apache.catalina.startup.HostConfig deployDirectory
信息: Deployment of web application directory F:\tomcat\apache-tomcat-7.0.69\webapps\docs has finished in 533 ms
五月 17, 2016 3:17:57 下午 org.apache.catalina.startup.HostConfig deployDirectory
信息: Deploying web application directory F:\tomcat\apache-tomcat-7.0.69\webapps\examples
五月 17, 2016 3:17:57 下午 org.apache.catalina.startup.HostConfig deployDirectory
信息: Deployment of web application directory F:\tomcat\apache-tomcat-7.0.69\webapps\examples has finished in 423 ms
五月 17, 2016 3:17:57 下午 org.apache.catalina.startup.HostConfig deployDirectory
信息: Deploying web application directory F:\tomcat\apache-tomcat-7.0.69\webapps\host-manager
五月 17, 2016 3:17:57 下午 org.apache.catalina.startup.HostConfig deployDirectory
信息: Deployment of web application directory F:\tomcat\apache-tomcat-7.0.69\webapps\host-manager has finished in 54 ms
五月 17, 2016 3:17:57 下午 org.apache.catalina.startup.HostConfig deployDirectory
信息: Deploying web application directory F:\tomcat\apache-tomcat-7.0.69\webapps\manager
五月 17, 2016 3:17:57 下午 org.apache.catalina.startup.HostConfig deployDirectory
信息: Deployment of web application directory F:\tomcat\apache-tomcat-7.0.69\webapps\manager has finished in 53 ms
五月 17, 2016 3:17:57 下午 org.apache.catalina.startup.HostConfig deployDirectory
信息: Deploying web application directory F:\tomcat\apache-tomcat-7.0.69\webapps\ROOT
五月 17, 2016 3:17:57 下午 org.apache.catalina.startup.HostConfig deployDirectory
信息: Deployment of web application directory F:\tomcat\apache-tomcat-7.0.69\webapps\ROOT has finished in 56 ms
五月 17, 2016 3:17:57 下午 org.apache.catalina.startup.HostConfig deployDirectory
信息: Deploying web application directory F:\tomcat\apache-tomcat-7.0.69\webapps\test5
五月 17, 2016 3:17:57 下午 org.apache.catalina.startup.HostConfig deployDirectory
信息: Deployment of web application directory F:\tomcat\apache-tomcat-7.0.69\webapps\test5 has finished in 57 ms
五月 17, 2016 3:17:57 下午 org.apache.coyote.AbstractProtocol start
信息: Starting ProtocolHandler ["http-bio-8080"]
五月 17, 2016 3:17:57 下午 org.apache.coyote.AbstractProtocol start
信息: Starting ProtocolHandler ["ajp-bio-8009"]
五月 17, 2016 3:17:57 下午 org.apache.catalina.startup.Catalina start
信息: Server startup in 1258 ms
五月 17, 2016 3:25:34 下午 org.apache.catalina.core.StandardServer await
信息: A valid shutdown command was received via the shutdown port. Stopping the Server instance.
五月 17, 2016 3:25:34 下午 org.apache.coyote.AbstractProtocol pause
信息: Pausing ProtocolHandler ["http-bio-8080"]
五月 17, 2016 3:25:34 下午 org.apache.coyote.AbstractProtocol pause
信息: Pausing ProtocolHandler ["ajp-bio-8009"]
五月 17, 2016 3:25:34 下午 org.apache.catalina.core.StandardService stopInternal
信息: Stopping service Catalina
五月 17, 2016 3:25:34 下午 org.apache.coyote.AbstractProtocol stop
信息: Stopping ProtocolHandler ["http-bio-8080"]
五月 17, 2016 3:25:34 下午 org.apache.coyote.AbstractProtocol stop
信息: Stopping ProtocolHandler ["ajp-bio-8009"]
五月 17, 2016 3:25:34 下午 org.apache.coyote.AbstractProtocol destroy
信息: Destroying ProtocolHandler ["http-bio-8080"]
五月 17, 2016 3:25:34 下午 org.apache.coyote.AbstractProtocol destroy
信息: Destroying ProtocolHandler ["ajp-bio-8009"]
