六月 14, 2016 7:34:24 下午 org.apache.catalina.core.ApplicationContext log
信息: ContextListener: contextInitialized()
六月 14, 2016 7:34:24 下午 org.apache.catalina.core.ApplicationContext log
信息: SessionListener: contextInitialized()
六月 14, 2016 7:34:24 下午 org.apache.catalina.core.ApplicationContext log
信息: ContextListener: attributeAdded('org.apache.jasper.compiler.TldLocationsCache', 'org.apache.jasper.compiler.TldLocationsCache@7081212b')
六月 14, 2016 7:43:48 下午 org.apache.catalina.core.ApplicationContext log
信息: SessionListener: contextDestroyed()
六月 14, 2016 7:43:48 下午 org.apache.catalina.core.ApplicationContext log
信息: ContextListener: contextDestroyed()
六月 14, 2016 7:48:07 下午 org.apache.catalina.core.ApplicationContext log
信息: ContextListener: contextInitialized()
六月 14, 2016 7:48:07 下午 org.apache.catalina.core.ApplicationContext log
信息: SessionListener: contextInitialized()
六月 14, 2016 7:48:07 下午 org.apache.catalina.core.ApplicationContext log
信息: ContextListener: attributeAdded('org.apache.jasper.compiler.TldLocationsCache', 'org.apache.jasper.compiler.TldLocationsCache@717e7e34')
六月 14, 2016 7:50:26 下午 org.apache.catalina.core.ApplicationContext log
信息: SessionListener: contextDestroyed()
六月 14, 2016 7:50:26 下午 org.apache.catalina.core.ApplicationContext log
信息: ContextListener: contextDestroyed()
六月 14, 2016 7:50:40 下午 org.apache.catalina.core.ApplicationContext log
信息: ContextListener: contextInitialized()
六月 14, 2016 7:50:40 下午 org.apache.catalina.core.ApplicationContext log
信息: SessionListener: contextInitialized()
六月 14, 2016 7:50:40 下午 org.apache.catalina.core.ApplicationContext log
信息: ContextListener: attributeAdded('org.apache.jasper.compiler.TldLocationsCache', 'org.apache.jasper.compiler.TldLocationsCache@4717e412')
六月 14, 2016 7:54:58 下午 org.apache.catalina.core.ApplicationContext log
信息: SessionListener: contextDestroyed()
六月 14, 2016 7:54:58 下午 org.apache.catalina.core.ApplicationContext log
信息: ContextListener: contextDestroyed()
六月 14, 2016 7:55:02 下午 org.apache.catalina.core.ApplicationContext log
信息: ContextListener: contextInitialized()
六月 14, 2016 7:55:02 下午 org.apache.catalina.core.ApplicationContext log
信息: SessionListener: contextInitialized()
六月 14, 2016 7:55:02 下午 org.apache.catalina.core.ApplicationContext log
信息: ContextListener: attributeAdded('org.apache.jasper.compiler.TldLocationsCache', 'org.apache.jasper.compiler.TldLocationsCache@3d6a8d4c')
六月 14, 2016 7:55:04 下午 org.apache.catalina.core.ApplicationContext log
信息: SessionListener: contextDestroyed()
六月 14, 2016 7:55:04 下午 org.apache.catalina.core.ApplicationContext log
信息: ContextListener: contextDestroyed()
六月 14, 2016 7:55:15 下午 org.apache.catalina.core.ApplicationContext log
信息: ContextListener: contextInitialized()
六月 14, 2016 7:55:15 下午 org.apache.catalina.core.ApplicationContext log
信息: SessionListener: contextInitialized()
六月 14, 2016 7:55:15 下午 org.apache.catalina.core.ApplicationContext log
信息: ContextListener: attributeAdded('org.apache.jasper.compiler.TldLocationsCache', 'org.apache.jasper.compiler.TldLocationsCache@4717e412')
六月 14, 2016 7:55:40 下午 org.apache.catalina.core.ApplicationContext log
信息: SessionListener: contextDestroyed()
六月 14, 2016 7:55:40 下午 org.apache.catalina.core.ApplicationContext log
信息: ContextListener: contextDestroyed()
