五月 17, 2016 3:02:00 下午 org.apache.catalina.core.ApplicationContext log
信息: ContextListener: contextInitialized()
五月 17, 2016 3:02:00 下午 org.apache.catalina.core.ApplicationContext log
信息: SessionListener: contextInitialized()
五月 17, 2016 3:02:00 下午 org.apache.catalina.core.ApplicationContext log
信息: ContextListener: attributeAdded('org.apache.jasper.compiler.TldLocationsCache', 'org.apache.jasper.compiler.TldLocationsCache@4d01e500')
五月 17, 2016 3:09:55 下午 org.apache.catalina.core.ApplicationContext log
信息: SessionListener: contextDestroyed()
五月 17, 2016 3:09:55 下午 org.apache.catalina.core.ApplicationContext log
信息: ContextListener: contextDestroyed()
五月 17, 2016 3:10:06 下午 org.apache.catalina.core.ApplicationContext log
信息: ContextListener: contextInitialized()
五月 17, 2016 3:10:06 下午 org.apache.catalina.core.ApplicationContext log
信息: SessionListener: contextInitialized()
五月 17, 2016 3:10:06 下午 org.apache.catalina.core.ApplicationContext log
信息: ContextListener: attributeAdded('org.apache.jasper.compiler.TldLocationsCache', 'org.apache.jasper.compiler.TldLocationsCache@3d6a8d4c')
五月 17, 2016 3:13:03 下午 org.apache.catalina.core.ApplicationContext log
信息: SessionListener: contextDestroyed()
五月 17, 2016 3:13:03 下午 org.apache.catalina.core.ApplicationContext log
信息: ContextListener: contextDestroyed()
五月 17, 2016 3:13:09 下午 org.apache.catalina.core.ApplicationContext log
信息: ContextListener: contextInitialized()
五月 17, 2016 3:13:09 下午 org.apache.catalina.core.ApplicationContext log
信息: SessionListener: contextInitialized()
五月 17, 2016 3:13:09 下午 org.apache.catalina.core.ApplicationContext log
信息: ContextListener: attributeAdded('org.apache.jasper.compiler.TldLocationsCache', 'org.apache.jasper.compiler.TldLocationsCache@4f125a78')
五月 17, 2016 3:14:17 下午 org.apache.catalina.core.ApplicationContext log
信息: SessionListener: contextDestroyed()
五月 17, 2016 3:14:17 下午 org.apache.catalina.core.ApplicationContext log
信息: ContextListener: contextDestroyed()
五月 17, 2016 3:17:57 下午 org.apache.catalina.core.ApplicationContext log
信息: ContextListener: contextInitialized()
五月 17, 2016 3:17:57 下午 org.apache.catalina.core.ApplicationContext log
信息: SessionListener: contextInitialized()
五月 17, 2016 3:17:57 下午 org.apache.catalina.core.ApplicationContext log
信息: ContextListener: attributeAdded('org.apache.jasper.compiler.TldLocationsCache', 'org.apache.jasper.compiler.TldLocationsCache@3d6a8d4c')
五月 17, 2016 3:25:34 下午 org.apache.catalina.core.ApplicationContext log
信息: SessionListener: contextDestroyed()
五月 17, 2016 3:25:34 下午 org.apache.catalina.core.ApplicationContext log
信息: ContextListener: contextDestroyed()
